{"/Users/decagon/Desktop/WEEK-6-TASK/week-6-node-008-Sarmueil/lib/app.js": {"path":"/Users/decagon/Desktop/WEEK-6-TASK/week-6-node-008-Sarmueil/lib/app.js","statementMap":{"0":{"start":{"line":2,"column":18},"end":{"line":2,"column":40}},"1":{"start":{"line":3,"column":14},"end":{"line":3,"column":32}},"2":{"start":{"line":4,"column":11},"end":{"line":4,"column":26}},"3":{"start":{"line":5,"column":19},"end":{"line":5,"column":43}},"4":{"start":{"line":6,"column":13},"end":{"line":6,"column":30}},"5":{"start":{"line":7,"column":18},"end":{"line":7,"column":43}},"6":{"start":{"line":8,"column":18},"end":{"line":8,"column":43}},"7":{"start":{"line":9,"column":10},"end":{"line":9,"column":19}},"8":{"start":{"line":11,"column":0},"end":{"line":11,"column":55}},"9":{"start":{"line":12,"column":0},"end":{"line":12,"column":31}},"10":{"start":{"line":13,"column":0},"end":{"line":13,"column":23}},"11":{"start":{"line":14,"column":0},"end":{"line":14,"column":24}},"12":{"start":{"line":15,"column":0},"end":{"line":15,"column":49}},"13":{"start":{"line":16,"column":0},"end":{"line":16,"column":24}},"14":{"start":{"line":17,"column":0},"end":{"line":17,"column":56}},"15":{"start":{"line":18,"column":0},"end":{"line":18,"column":26}},"16":{"start":{"line":19,"column":0},"end":{"line":19,"column":31}},"17":{"start":{"line":21,"column":0},"end":{"line":23,"column":3}},"18":{"start":{"line":22,"column":4},"end":{"line":22,"column":27}},"19":{"start":{"line":25,"column":0},"end":{"line":32,"column":3}},"20":{"start":{"line":27,"column":4},"end":{"line":27,"column":37}},"21":{"start":{"line":28,"column":4},"end":{"line":28,"column":71}},"22":{"start":{"line":30,"column":4},"end":{"line":30,"column":34}},"23":{"start":{"line":31,"column":4},"end":{"line":31,"column":24}},"24":{"start":{"line":33,"column":0},"end":{"line":33,"column":21}}},"fnMap":{"0":{"name":"(anonymous_0)","decl":{"start":{"line":21,"column":8},"end":{"line":21,"column":9}},"loc":{"start":{"line":21,"column":34},"end":{"line":23,"column":1}},"line":21},"1":{"name":"(anonymous_1)","decl":{"start":{"line":25,"column":8},"end":{"line":25,"column":9}},"loc":{"start":{"line":25,"column":39},"end":{"line":32,"column":1}},"line":25}},"branchMap":{"0":{"loc":{"start":{"line":28,"column":23},"end":{"line":28,"column":70}},"type":"cond-expr","locations":[{"start":{"line":28,"column":62},"end":{"line":28,"column":65}},{"start":{"line":28,"column":68},"end":{"line":28,"column":70}}],"line":28},"1":{"loc":{"start":{"line":30,"column":15},"end":{"line":30,"column":32}},"type":"binary-expr","locations":[{"start":{"line":30,"column":15},"end":{"line":30,"column":25}},{"start":{"line":30,"column":29},"end":{"line":30,"column":32}}],"line":30}},"s":{"0":2,"1":2,"2":2,"3":2,"4":2,"5":2,"6":2,"7":2,"8":2,"9":2,"10":2,"11":2,"12":2,"13":2,"14":2,"15":2,"16":2,"17":2,"18":0,"19":2,"20":0,"21":0,"22":0,"23":0,"24":2},"f":{"0":0,"1":0},"b":{"0":[0,0],"1":[0,0]},"inputSourceMap":null,"_coverageSchema":"1a1c01bbd47fc00a2c39e90264f33305004495a9","hash":"16f143d5abd4fea0a8b5ce08a60fba1a61a7b065"}
,"/Users/decagon/Desktop/WEEK-6-TASK/week-6-node-008-Sarmueil/lib/routes/index.js": {"path":"/Users/decagon/Desktop/WEEK-6-TASK/week-6-node-008-Sarmueil/lib/routes/index.js","statementMap":{"0":{"start":{"line":2,"column":14},"end":{"line":2,"column":32}},"1":{"start":{"line":3,"column":13},"end":{"line":3,"column":29}},"2":{"start":{"line":5,"column":0},"end":{"line":7,"column":3}},"3":{"start":{"line":6,"column":4},"end":{"line":6,"column":46}},"4":{"start":{"line":8,"column":0},"end":{"line":8,"column":24}}},"fnMap":{"0":{"name":"(anonymous_0)","decl":{"start":{"line":5,"column":16},"end":{"line":5,"column":17}},"loc":{"start":{"line":5,"column":42},"end":{"line":7,"column":1}},"line":5}},"branchMap":{},"s":{"0":2,"1":2,"2":2,"3":0,"4":2},"f":{"0":0},"b":{},"inputSourceMap":null,"_coverageSchema":"1a1c01bbd47fc00a2c39e90264f33305004495a9","hash":"0d85dc542f787b3a6d05dd6e1cd2b616b63e06dd"}
,"/Users/decagon/Desktop/WEEK-6-TASK/week-6-node-008-Sarmueil/lib/routes/users.js": {"path":"/Users/decagon/Desktop/WEEK-6-TASK/week-6-node-008-Sarmueil/lib/routes/users.js","statementMap":{"0":{"start":{"line":2,"column":0},"end":{"line":2,"column":62}},"1":{"start":{"line":3,"column":14},"end":{"line":3,"column":32}},"2":{"start":{"line":4,"column":13},"end":{"line":4,"column":29}},"3":{"start":{"line":5,"column":9},"end":{"line":5,"column":22}},"4":{"start":{"line":7,"column":0},"end":{"line":13,"column":1}},"5":{"start":{"line":8,"column":4},"end":{"line":8,"column":113}},"6":{"start":{"line":9,"column":4},"end":{"line":9,"column":44}},"7":{"start":{"line":12,"column":4},"end":{"line":12,"column":22}},"8":{"start":{"line":15,"column":0},"end":{"line":23,"column":3}},"9":{"start":{"line":16,"column":4},"end":{"line":16,"column":30}},"10":{"start":{"line":18,"column":4},"end":{"line":22,"column":7}},"11":{"start":{"line":25,"column":0},"end":{"line":35,"column":3}},"12":{"start":{"line":26,"column":4},"end":{"line":26,"column":30}},"13":{"start":{"line":27,"column":17},"end":{"line":27,"column":92}},"14":{"start":{"line":27,"column":54},"end":{"line":27,"column":89}},"15":{"start":{"line":28,"column":4},"end":{"line":28,"column":24}},"16":{"start":{"line":30,"column":4},"end":{"line":34,"column":7}},"17":{"start":{"line":37,"column":0},"end":{"line":76,"column":3}},"18":{"start":{"line":38,"column":17},"end":{"line":38,"column":29}},"19":{"start":{"line":39,"column":14},"end":{"line":39,"column":27}},"20":{"start":{"line":40,"column":14},"end":{"line":40,"column":15}},"21":{"start":{"line":41,"column":4},"end":{"line":46,"column":5}},"22":{"start":{"line":42,"column":8},"end":{"line":42,"column":22}},"23":{"start":{"line":45,"column":8},"end":{"line":45,"column":16}},"24":{"start":{"line":47,"column":15},"end":{"line":47,"column":23}},"25":{"start":{"line":49,"column":18},"end":{"line":49,"column":35}},"26":{"start":{"line":49,"column":48},"end":{"line":49,"column":61}},"27":{"start":{"line":49,"column":77},"end":{"line":49,"column":93}},"28":{"start":{"line":49,"column":105},"end":{"line":49,"column":117}},"29":{"start":{"line":49,"column":125},"end":{"line":49,"column":133}},"30":{"start":{"line":49,"column":145},"end":{"line":49,"column":157}},"31":{"start":{"line":49,"column":175},"end":{"line":49,"column":193}},"32":{"start":{"line":49,"column":207},"end":{"line":49,"column":221}},"33":{"start":{"line":50,"column":14},"end":{"line":62,"column":5}},"34":{"start":{"line":64,"column":4},"end":{"line":64,"column":27}},"35":{"start":{"line":65,"column":4},"end":{"line":69,"column":7}},"36":{"start":{"line":71,"column":4},"end":{"line":75,"column":7}},"37":{"start":{"line":72,"column":8},"end":{"line":74,"column":9}},"38":{"start":{"line":73,"column":12},"end":{"line":73,"column":24}},"39":{"start":{"line":78,"column":0},"end":{"line":114,"column":3}},"40":{"start":{"line":79,"column":20},"end":{"line":79,"column":93}},"41":{"start":{"line":79,"column":56},"end":{"line":79,"column":90}},"42":{"start":{"line":80,"column":4},"end":{"line":80,"column":27}},"43":{"start":{"line":81,"column":4},"end":{"line":108,"column":5}},"44":{"start":{"line":82,"column":17},"end":{"line":82,"column":25}},"45":{"start":{"line":82,"column":37},"end":{"line":82,"column":52}},"46":{"start":{"line":82,"column":65},"end":{"line":82,"column":76}},"47":{"start":{"line":82,"column":92},"end":{"line":82,"column":106}},"48":{"start":{"line":82,"column":118},"end":{"line":82,"column":128}},"49":{"start":{"line":82,"column":136},"end":{"line":82,"column":142}},"50":{"start":{"line":82,"column":154},"end":{"line":82,"column":164}},"51":{"start":{"line":82,"column":182},"end":{"line":82,"column":198}},"52":{"start":{"line":82,"column":212},"end":{"line":82,"column":224}},"53":{"start":{"line":83,"column":24},"end":{"line":95,"column":9}},"54":{"start":{"line":96,"column":20},"end":{"line":96,"column":51}},"55":{"start":{"line":97,"column":8},"end":{"line":97,"column":49}},"56":{"start":{"line":100,"column":8},"end":{"line":104,"column":11}},"57":{"start":{"line":107,"column":8},"end":{"line":107,"column":30}},"58":{"start":{"line":109,"column":4},"end":{"line":113,"column":7}},"59":{"start":{"line":110,"column":8},"end":{"line":112,"column":9}},"60":{"start":{"line":111,"column":12},"end":{"line":111,"column":24}},"61":{"start":{"line":116,"column":0},"end":{"line":135,"column":3}},"62":{"start":{"line":117,"column":21},"end":{"line":119,"column":6}},"63":{"start":{"line":118,"column":8},"end":{"line":118,"column":42}},"64":{"start":{"line":121,"column":16},"end":{"line":121,"column":48}},"65":{"start":{"line":123,"column":16},"end":{"line":123,"column":45}},"66":{"start":{"line":125,"column":4},"end":{"line":129,"column":7}},"67":{"start":{"line":130,"column":4},"end":{"line":134,"column":7}},"68":{"start":{"line":131,"column":8},"end":{"line":133,"column":9}},"69":{"start":{"line":132,"column":12},"end":{"line":132,"column":24}},"70":{"start":{"line":136,"column":0},"end":{"line":136,"column":24}}},"fnMap":{"0":{"name":"(anonymous_0)","decl":{"start":{"line":15,"column":16},"end":{"line":15,"column":17}},"loc":{"start":{"line":15,"column":42},"end":{"line":23,"column":1}},"line":15},"1":{"name":"(anonymous_1)","decl":{"start":{"line":25,"column":19},"end":{"line":25,"column":20}},"loc":{"start":{"line":25,"column":45},"end":{"line":35,"column":1}},"line":25},"2":{"name":"(anonymous_2)","decl":{"start":{"line":27,"column":37},"end":{"line":27,"column":38}},"loc":{"start":{"line":27,"column":52},"end":{"line":27,"column":91}},"line":27},"3":{"name":"(anonymous_3)","decl":{"start":{"line":37,"column":17},"end":{"line":37,"column":18}},"loc":{"start":{"line":37,"column":43},"end":{"line":76,"column":1}},"line":37},"4":{"name":"(anonymous_4)","decl":{"start":{"line":71,"column":136},"end":{"line":71,"column":137}},"loc":{"start":{"line":71,"column":151},"end":{"line":75,"column":5}},"line":71},"5":{"name":"(anonymous_5)","decl":{"start":{"line":78,"column":19},"end":{"line":78,"column":20}},"loc":{"start":{"line":78,"column":45},"end":{"line":114,"column":1}},"line":78},"6":{"name":"(anonymous_6)","decl":{"start":{"line":79,"column":38},"end":{"line":79,"column":39}},"loc":{"start":{"line":79,"column":54},"end":{"line":79,"column":92}},"line":79},"7":{"name":"(anonymous_7)","decl":{"start":{"line":109,"column":136},"end":{"line":109,"column":137}},"loc":{"start":{"line":109,"column":151},"end":{"line":113,"column":5}},"line":109},"8":{"name":"(anonymous_8)","decl":{"start":{"line":116,"column":22},"end":{"line":116,"column":23}},"loc":{"start":{"line":116,"column":42},"end":{"line":135,"column":1}},"line":116},"9":{"name":"(anonymous_9)","decl":{"start":{"line":117,"column":39},"end":{"line":117,"column":40}},"loc":{"start":{"line":117,"column":55},"end":{"line":119,"column":5}},"line":117},"10":{"name":"(anonymous_10)","decl":{"start":{"line":130,"column":136},"end":{"line":130,"column":137}},"loc":{"start":{"line":130,"column":151},"end":{"line":134,"column":5}},"line":130}},"branchMap":{"0":{"loc":{"start":{"line":7,"column":0},"end":{"line":13,"column":1}},"type":"if","locations":[{"start":{"line":7,"column":0},"end":{"line":13,"column":1}},{"start":{"line":7,"column":0},"end":{"line":13,"column":1}}],"line":7},"1":{"loc":{"start":{"line":41,"column":4},"end":{"line":46,"column":5}},"type":"if","locations":[{"start":{"line":41,"column":4},"end":{"line":46,"column":5}},{"start":{"line":41,"column":4},"end":{"line":46,"column":5}}],"line":41},"2":{"loc":{"start":{"line":72,"column":8},"end":{"line":74,"column":9}},"type":"if","locations":[{"start":{"line":72,"column":8},"end":{"line":74,"column":9}},{"start":{"line":72,"column":8},"end":{"line":74,"column":9}}],"line":72},"3":{"loc":{"start":{"line":81,"column":4},"end":{"line":108,"column":5}},"type":"if","locations":[{"start":{"line":81,"column":4},"end":{"line":108,"column":5}},{"start":{"line":81,"column":4},"end":{"line":108,"column":5}}],"line":81},"4":{"loc":{"start":{"line":84,"column":26},"end":{"line":84,"column":59}},"type":"binary-expr","locations":[{"start":{"line":84,"column":26},"end":{"line":84,"column":33}},{"start":{"line":84,"column":37},"end":{"line":84,"column":59}}],"line":84},"5":{"loc":{"start":{"line":87,"column":22},"end":{"line":87,"column":52}},"type":"binary-expr","locations":[{"start":{"line":87,"column":22},"end":{"line":87,"column":30}},{"start":{"line":87,"column":34},"end":{"line":87,"column":52}}],"line":87},"6":{"loc":{"start":{"line":88,"column":25},"end":{"line":88,"column":61}},"type":"binary-expr","locations":[{"start":{"line":88,"column":25},"end":{"line":88,"column":36}},{"start":{"line":88,"column":40},"end":{"line":88,"column":61}}],"line":88},"7":{"loc":{"start":{"line":89,"column":21},"end":{"line":89,"column":49}},"type":"binary-expr","locations":[{"start":{"line":89,"column":21},"end":{"line":89,"column":28}},{"start":{"line":89,"column":32},"end":{"line":89,"column":49}}],"line":89},"8":{"loc":{"start":{"line":90,"column":17},"end":{"line":90,"column":37}},"type":"binary-expr","locations":[{"start":{"line":90,"column":17},"end":{"line":90,"column":20}},{"start":{"line":90,"column":24},"end":{"line":90,"column":37}}],"line":90},"9":{"loc":{"start":{"line":91,"column":21},"end":{"line":91,"column":49}},"type":"binary-expr","locations":[{"start":{"line":91,"column":21},"end":{"line":91,"column":28}},{"start":{"line":91,"column":32},"end":{"line":91,"column":49}}],"line":91},"10":{"loc":{"start":{"line":93,"column":27},"end":{"line":93,"column":67}},"type":"binary-expr","locations":[{"start":{"line":93,"column":27},"end":{"line":93,"column":40}},{"start":{"line":93,"column":44},"end":{"line":93,"column":67}}],"line":93},"11":{"loc":{"start":{"line":94,"column":23},"end":{"line":94,"column":59}},"type":"binary-expr","locations":[{"start":{"line":94,"column":23},"end":{"line":94,"column":32}},{"start":{"line":94,"column":36},"end":{"line":94,"column":59}}],"line":94},"12":{"loc":{"start":{"line":110,"column":8},"end":{"line":112,"column":9}},"type":"if","locations":[{"start":{"line":110,"column":8},"end":{"line":112,"column":9}},{"start":{"line":110,"column":8},"end":{"line":112,"column":9}}],"line":110},"13":{"loc":{"start":{"line":131,"column":8},"end":{"line":133,"column":9}},"type":"if","locations":[{"start":{"line":131,"column":8},"end":{"line":133,"column":9}},{"start":{"line":131,"column":8},"end":{"line":133,"column":9}}],"line":131}},"s":{"0":2,"1":2,"2":2,"3":2,"4":2,"5":2,"6":2,"7":0,"8":2,"9":2,"10":2,"11":2,"12":2,"13":2,"14":2,"15":2,"16":2,"17":2,"18":2,"19":2,"20":2,"21":2,"22":0,"23":2,"24":2,"25":2,"26":2,"27":2,"28":2,"29":2,"30":2,"31":2,"32":2,"33":2,"34":2,"35":2,"36":2,"37":2,"38":0,"39":2,"40":2,"41":2,"42":2,"43":2,"44":2,"45":2,"46":2,"47":2,"48":2,"49":2,"50":2,"51":2,"52":2,"53":2,"54":2,"55":2,"56":2,"57":0,"58":2,"59":2,"60":0,"61":2,"62":2,"63":2,"64":2,"65":2,"66":2,"67":2,"68":0,"69":0,"70":2},"f":{"0":2,"1":2,"2":2,"3":2,"4":2,"5":2,"6":2,"7":2,"8":2,"9":2,"10":0},"b":{"0":[2,0],"1":[0,2],"2":[0,2],"3":[2,0],"4":[2,0],"5":[2,2],"6":[2,2],"7":[2,2],"8":[2,2],"9":[2,2],"10":[2,2],"11":[2,2],"12":[0,2],"13":[0,0]},"inputSourceMap":null,"_coverageSchema":"1a1c01bbd47fc00a2c39e90264f33305004495a9","hash":"25e91fc3a87f26e483fb8756f015b6756ad6be9d"}
}
