TN:
SF:lib/app.js
FN:21,(anonymous_0)
FN:25,(anonymous_1)
FNF:2
FNH:0
FNDA:0,(anonymous_0)
FNDA:0,(anonymous_1)
DA:2,2
DA:3,2
DA:4,2
DA:5,2
DA:6,2
DA:7,2
DA:8,2
DA:9,2
DA:11,2
DA:12,2
DA:13,2
DA:14,2
DA:15,2
DA:16,2
DA:17,2
DA:18,2
DA:19,2
DA:21,2
DA:22,0
DA:25,2
DA:27,0
DA:28,0
DA:30,0
DA:31,0
DA:33,2
LF:25
LH:20
BRDA:28,0,0,0
BRDA:28,0,1,0
BRDA:30,1,0,0
BRDA:30,1,1,0
BRF:4
BRH:0
end_of_record
TN:
SF:lib/routes/index.js
FN:5,(anonymous_0)
FNF:1
FNH:0
FNDA:0,(anonymous_0)
DA:2,2
DA:3,2
DA:5,2
DA:6,0
DA:8,2
LF:5
LH:4
BRF:0
BRH:0
end_of_record
TN:
SF:lib/routes/users.js
FN:15,(anonymous_0)
FN:25,(anonymous_1)
FN:27,(anonymous_2)
FN:37,(anonymous_3)
FN:71,(anonymous_4)
FN:78,(anonymous_5)
FN:79,(anonymous_6)
FN:109,(anonymous_7)
FN:116,(anonymous_8)
FN:117,(anonymous_9)
FN:130,(anonymous_10)
FNF:11
FNH:10
FNDA:2,(anonymous_0)
FNDA:2,(anonymous_1)
FNDA:2,(anonymous_2)
FNDA:2,(anonymous_3)
FNDA:2,(anonymous_4)
FNDA:2,(anonymous_5)
FNDA:2,(anonymous_6)
FNDA:2,(anonymous_7)
FNDA:2,(anonymous_8)
FNDA:2,(anonymous_9)
FNDA:0,(anonymous_10)
DA:2,2
DA:3,2
DA:4,2
DA:5,2
DA:7,2
DA:8,2
DA:9,2
DA:12,0
DA:15,2
DA:16,2
DA:18,2
DA:25,2
DA:26,2
DA:27,2
DA:28,2
DA:30,2
DA:37,2
DA:38,2
DA:39,2
DA:40,2
DA:41,2
DA:42,0
DA:45,2
DA:47,2
DA:49,2
DA:50,2
DA:64,2
DA:65,2
DA:71,2
DA:72,2
DA:73,0
DA:78,2
DA:79,2
DA:80,2
DA:81,2
DA:82,2
DA:83,2
DA:96,2
DA:97,2
DA:100,2
DA:107,0
DA:109,2
DA:110,2
DA:111,0
DA:116,2
DA:117,2
DA:118,2
DA:121,2
DA:123,2
DA:125,2
DA:130,2
DA:131,0
DA:132,0
DA:136,2
LF:54
LH:47
BRDA:7,0,0,2
BRDA:7,0,1,0
BRDA:41,1,0,0
BRDA:41,1,1,2
BRDA:72,2,0,0
BRDA:72,2,1,2
BRDA:81,3,0,2
BRDA:81,3,1,0
BRDA:84,4,0,2
BRDA:84,4,1,0
BRDA:87,5,0,2
BRDA:87,5,1,2
BRDA:88,6,0,2
BRDA:88,6,1,2
BRDA:89,7,0,2
BRDA:89,7,1,2
BRDA:90,8,0,2
BRDA:90,8,1,2
BRDA:91,9,0,2
BRDA:91,9,1,2
BRDA:93,10,0,2
BRDA:93,10,1,2
BRDA:94,11,0,2
BRDA:94,11,1,2
BRDA:110,12,0,0
BRDA:110,12,1,2
BRDA:131,13,0,0
BRDA:131,13,1,0
BRF:28
BRH:20
end_of_record
